<?xml version="1.0" encoding="UTF-8"?>
<!-- Generated by org.testng.reporters.JUnitXMLReporter -->
<testsuite hostname="IN2070121W2" ignored="0" name="Default test" tests="3" failures="2" timestamp="27 Nov 2018 01:31:17 GMT" time="1.833" errors="0">
  <testcase name="test" time="0.025" classname="com.qa.hop.test.DummyTest">
    <failure type="com.qa.hop.util.RunnablityCheck" message="Skipping the test case : 1.0 as the run mode is &amp;quot;No&amp;quot;">
      <![CDATA[com.qa.hop.util.RunnablityCheck: Skipping the test case : 1.0 as the run mode is "No"
at com.qa.hop.util.RunnablityCheck.isTestRunnable(RunnablityCheck.java:23)
]]>
    </failure>
  </testcase> <!-- test -->
  <testcase name="test" time="0.034" classname="com.qa.hop.test.DummyTest"/>
  <testcase name="test" time="0.003" classname="com.qa.hop.test.DummyTest">
    <failure type="com.qa.hop.util.RunnablityCheck" message="Skipping the test case : 3.0 as the run mode is &amp;quot;No&amp;quot;">
      <![CDATA[com.qa.hop.util.RunnablityCheck: Skipping the test case : 3.0 as the run mode is "No"
at com.qa.hop.util.RunnablityCheck.isTestRunnable(RunnablityCheck.java:23)
]]>
    </failure>
  </testcase> <!-- test -->
</testsuite> <!-- Default test -->
