<?xml version="1.0" encoding="UTF-8"?>
<!-- Generated by org.testng.reporters.JUnitReportReporter -->
<testsuite skipped="0" hostname="IN2070121W2" name="com.qa.hop.test.DummyTest" tests="3" failures="0" timestamp="27 Nov 2018 01:31:18 GMT" time="0.062" errors="2">
  <testcase name="test" time="0.034" classname="com.qa.hop.test.DummyTest"/>
  <testcase name="test" time="0.003" classname="com.qa.hop.test.DummyTest">
    <error type="com.qa.hop.util.RunnablityCheck" message="Skipping the test case : 3.0 as the run mode is &quot;No&quot;">
      <![CDATA[com.qa.hop.util.RunnablityCheck: Skipping the test case : 3.0 as the run mode is "No"
at com.qa.hop.util.RunnablityCheck.isTestRunnable(RunnablityCheck.java:23)
]]>
    </error>
  </testcase> <!-- test -->
  <testcase name="test" time="0.025" classname="com.qa.hop.test.DummyTest">
    <error type="com.qa.hop.util.RunnablityCheck" message="Skipping the test case : 1.0 as the run mode is &quot;No&quot;">
      <![CDATA[com.qa.hop.util.RunnablityCheck: Skipping the test case : 1.0 as the run mode is "No"
at com.qa.hop.util.RunnablityCheck.isTestRunnable(RunnablityCheck.java:23)
]]>
    </error>
  </testcase> <!-- test -->
</testsuite> <!-- com.qa.hop.test.DummyTest -->
